<?xml version="1.0" encoding="UTF-8"?>
<!-- Generated by org.testng.reporters.JUnitXMLReporter -->
<testsuite ignored="1" hostname="Ashoks-MBP.fios-router.home" failures="0" tests="1" name="Smoke Test" time="0.345" errors="0" timestamp="22 Jan 2018 00:42:06 GMT">
  <testcase classname="selenium.LoginTest_TestNG" name="loginTest" time="0.313"/>
  <testcase classname="selenium.LoginTest_TestNG" name="validateTitle" time="0.0">
    <ignored/>
  </testcase> <!-- validateTitle -->
</testsuite> <!-- Smoke Test -->
