<?xml version="1.0" encoding="UTF-8"?>
<!-- Generated by org.testng.reporters.JUnitXMLReporter -->
<testsuite ignored="0" hostname="Ashoks-MBP.fios-router.home" failures="0" tests="3" name="testGuru" time="13.823" errors="0" timestamp="22 Jan 2018 02:08:05 GMT">
  <testcase classname="selenium.TestNG_Parameterization_DataProvider" name="userLogin" time="0.362"/>
  <testcase classname="selenium.TestNG_Parameterization_DataProvider" name="userLogin" time="0.276"/>
  <testcase classname="selenium.TestNG_Parameterization_DataProvider" name="userLogin" time="0.314"/>
</testsuite> <!-- testGuru -->
