<?xml version="1.0" encoding="UTF-8"?>
<testng-results ignored="0" total="2" passed="2" failed="0" skipped="0">
  <reporter-output>
  </reporter-output>
  <suite started-at="2018-01-27T03:57:45Z" name="Selenium TestNG Suite" finished-at="2018-01-27T03:57:57Z" duration-ms="11375">
    <groups>
    </groups>
    <test started-at="2018-01-27T03:57:45Z" name="Selenium TestNG - 1" finished-at="2018-01-27T03:57:54Z" duration-ms="8520">
      <class name="selenium.Grid_Test">
        <test-method signature="login_test(java.lang.String, java.lang.String)[pri:0, instance:selenium.Grid_Test@38102d01]" started-at="2018-01-26T22:57:46Z" name="login_test" finished-at="2018-01-26T22:57:54Z" duration-ms="8498" status="PASS">
          <params>
            <param index="0">
              <value>
                <![CDATA[firefox]]>
              </value>
            </param>
            <param index="1">
              <value>
                <![CDATA[4677]]>
              </value>
            </param>
          </params>
          <reporter-output>
          </reporter-output>
        </test-method> <!-- login_test -->
      </class> <!-- selenium.Grid_Test -->
    </test> <!-- Selenium TestNG - 1 -->
    <test started-at="2018-01-27T03:57:54Z" name="Selenium TestNG - 2" finished-at="2018-01-27T03:57:57Z" duration-ms="2806">
      <class name="selenium.Grid_Test">
        <test-method signature="login_test(java.lang.String, java.lang.String)[pri:0, instance:selenium.Grid_Test@17a7f733]" started-at="2018-01-26T22:57:54Z" name="login_test" finished-at="2018-01-26T22:57:57Z" duration-ms="2805" status="PASS">
          <params>
            <param index="0">
              <value>
                <![CDATA[chrome]]>
              </value>
            </param>
            <param index="1">
              <value>
                <![CDATA[4678]]>
              </value>
            </param>
          </params>
          <reporter-output>
          </reporter-output>
        </test-method> <!-- login_test -->
      </class> <!-- selenium.Grid_Test -->
    </test> <!-- Selenium TestNG - 2 -->
  </suite> <!-- Selenium TestNG Suite -->
</testng-results>
