<?xml version="1.0" encoding="UTF-8"?>
<testng-results ignored="0" total="2" passed="2" failed="0" skipped="0">
  <reporter-output>
  </reporter-output>
  <suite started-at="2018-01-25T07:05:07Z" name="Selenium TestNG Suite" finished-at="2018-01-25T07:05:15Z" duration-ms="7509">
    <groups>
    </groups>
    <test started-at="2018-01-25T07:05:07Z" name="Selenium TestNG - 1" finished-at="2018-01-25T07:05:12Z" duration-ms="5107">
      <class name="selenium.Grid_Test">
        <test-method signature="login_test(java.lang.String, java.lang.String)[pri:0, instance:selenium.Grid_Test@38102d01]" started-at="2018-01-25T02:05:07Z" name="login_test" finished-at="2018-01-25T02:05:12Z" duration-ms="5081" status="PASS">
          <params>
            <param index="0">
              <value>
                <![CDATA[firefox]]>
              </value>
            </param>
            <param index="1">
              <value>
                <![CDATA[5555]]>
              </value>
            </param>
          </params>
          <reporter-output>
          </reporter-output>
        </test-method> <!-- login_test -->
      </class> <!-- selenium.Grid_Test -->
    </test> <!-- Selenium TestNG - 1 -->
    <test started-at="2018-01-25T07:05:12Z" name="Selenium TestNG - 2" finished-at="2018-01-25T07:05:15Z" duration-ms="2333">
      <class name="selenium.Grid_Test">
        <test-method signature="login_test(java.lang.String, java.lang.String)[pri:0, instance:selenium.Grid_Test@17a7f733]" started-at="2018-01-25T02:05:12Z" name="login_test" finished-at="2018-01-25T02:05:15Z" duration-ms="2332" status="PASS">
          <params>
            <param index="0">
              <value>
                <![CDATA[chrome]]>
              </value>
            </param>
            <param index="1">
              <value>
                <![CDATA[5556]]>
              </value>
            </param>
          </params>
          <reporter-output>
          </reporter-output>
        </test-method> <!-- login_test -->
      </class> <!-- selenium.Grid_Test -->
    </test> <!-- Selenium TestNG - 2 -->
  </suite> <!-- Selenium TestNG Suite -->
</testng-results>
